<?xml version='1.0' encoding='UTF-8'?>
<testsuite hostname="Atharvas-MacBook-Air.local" name="AddressGenTest" tests="1" errors="0" failures="1" skipped="0" time="2.736" timestamp="2024-11-07T10:38:24">
          <properties>
[...]
</properties>
          <testcase classname="AddressGenTest" name="AddressGenerator should generate addresses and handle enable and select" time="2.736">
                      <failure message="io_addr2=1 (0x1) did not equal expected=0 (0x0) (lines in AddressGenTest.scala: 17, 8)" type="org.scalatest.exceptions.TestFailedException">org.scalatest.exceptions.TestFailedException: io_addr2=1 (0x1) did not equal expected=0 (0x0) (lines in AddressGenTest.scala: 17, 8)
	at chiseltest.internal.TestEnvInterface.signalExpectFailure(TestEnvInterface.scala:60)
	at chiseltest.internal.TestEnvInterface.signalExpectFailure$(TestEnvInterface.scala:45)
	at AddressGenTest.signalExpectFailure(AddressGenTest.scala:6)
	at chiseltest.package$Utils$.expectFailed(package.scala:531)
	at chiseltest.package$Utils$.expectBits(package.scala:522)
	at chiseltest.package$testableUInt.expectInternal(package.scala:60)
	at chiseltest.package$testableUInt.expect(package.scala:63)
	at AddressGenTest.$anonfun$new$3(AddressGenTest.scala:17)
	at AddressGenTest.$anonfun$new$3$adapted(AddressGenTest.scala:8)
	at chiseltest.internal.GenericBackend.$anonfun$run$1(GenericBackend.scala:170)
	at chiseltest.internal.ThreadedBackend$TesterThread$$anon$1.$anonfun$run$1(ThreadedBackend.scala:495)
	at chiseltest.internal.GenericBackend.doTimescope(GenericBackend.scala:104)
	at chiseltest.internal.ThreadedBackend$TesterThread$$anon$1.run(ThreadedBackend.scala:495)
	at java.base/java.lang.Thread.run(Thread.java:1575)
Caused by: chiseltest.internal.FailedExpectException: io_addr2=1 (0x1) did not equal expected=0 (0x0) (lines in AddressGenTest.scala: 17, 8)
	... 14 more
</failure>
                    </testcase>
          <system-out><![CDATA[]]></system-out>
          <system-err><![CDATA[]]></system-err>
        </testsuite>