<?xml version='1.0' encoding='UTF-8'?>
<testsuite hostname="f3349fdd70b9" name="INTTTest_C" tests="1" errors="0" failures="0" skipped="0" time="42.538" timestamp="2025-04-01T07:36:31">
          <properties>
[...]
</properties>
          <testcase classname="INTTTest_C" name="INTT should output u[0] from ucap[1]" time="42.538">
                      
                    </testcase>
          <system-out><![CDATA[]]></system-out>
          <system-err><![CDATA[]]></system-err>
        </testsuite>